This is pdfTeX, Version 3.14159265-2.6-1.40.20 (TeX Live 2019/Arch Linux) (preloaded format=pdflatex 2020.1.20)  14 FEB 2020 13:07
entering extended mode
 restricted \write18 enabled.
 file:line:error style messages enabled.
 %&-line parsing enabled.
**/home/richard/Documents/exam_notes/ocds/paper.tex
(/home/richard/Documents/exam_notes/ocds/paper.tex
LaTeX2e <2019-10-01> patch level 1
(/usr/share/texmf-dist/tex/latex/base/article.cls
Document Class: article 2019/08/27 v1.4j Standard LaTeX document class
(/usr/share/texmf-dist/tex/latex/base/size12.clo
File: size12.clo 2019/08/27 v1.4j Standard LaTeX file (size option)
)
\c@part=\count80
\c@section=\count81
\c@subsection=\count82
\c@subsubsection=\count83
\c@paragraph=\count84
\c@subparagraph=\count85
\c@figure=\count86
\c@table=\count87
\abovecaptionskip=\skip41
\belowcaptionskip=\skip42
\bibindent=\dimen102
) (/usr/share/texmf-dist/tex/latex/setspace/setspace.sty
Package: setspace 2011/12/19 v6.7a set line spacing
) (/usr/share/texmf-dist/tex/latex/base/fontenc.sty
Package: fontenc 2018/08/11 v2.0j Standard LaTeX package
 (/usr/share/texmf-dist/tex/latex/base/t1enc.def
File: t1enc.def 2018/08/11 v2.0j Standard LaTeX file
LaTeX Font Info:    Redeclaring font encoding T1 on input line 48.
)) (/usr/share/texmf-dist/tex/latex/newtx/newtxtext.sty
Package: newtxtext 2018/03/27 v1.531
 `newtxtext' v1.531, 2018/03/27 Text macros taking advantage of TeX-Gyre Termes fonts (msharpe) (/usr/share/texmf-dist/tex/latex/fontaxes/fontaxes.sty
Package: fontaxes 2014/03/23 v1.0d Font selection axes
LaTeX Info: Redefining \upshape on input line 29.
LaTeX Info: Redefining \itshape on input line 31.
LaTeX Info: Redefining \slshape on input line 33.
LaTeX Info: Redefining \scshape on input line 37.
)
\ntx@fs=\dimen103
 (/usr/share/texmf-dist/tex/latex/xkeyval/xkeyval.sty
Package: xkeyval 2014/12/03 v2.7a package option processing (HA)
 (/usr/share/texmf-dist/tex/generic/xkeyval/xkeyval.tex (/usr/share/texmf-dist/tex/generic/xkeyval/xkvutils.tex
\XKV@toks=\toks14
\XKV@tempa@toks=\toks15
 (/usr/share/texmf-dist/tex/generic/xkeyval/keyval.tex))
\XKV@depth=\count88
File: xkeyval.tex 2014/12/03 v2.7a key=value parser (HA)
)) (/usr/share/texmf-dist/tex/latex/etoolbox/etoolbox.sty
Package: etoolbox 2019/09/21 v2.5h e-TeX tools for LaTeX (JAW)
\etb@tempcnta=\count89
) (/usr/share/texmf-dist/tex/latex/base/fontenc.sty
Package: fontenc 2018/08/11 v2.0j Standard LaTeX package
 (/usr/share/texmf-dist/tex/latex/base/t1enc.def
File: t1enc.def 2018/08/11 v2.0j Standard LaTeX file
LaTeX Font Info:    Redeclaring font encoding T1 on input line 48.
)) (/usr/share/texmf-dist/tex/latex/base/textcomp.sty
Package: textcomp 2018/08/11 v2.0j Standard LaTeX package
Package textcomp Info: Sub-encoding information:
(textcomp)               5 = only ISO-Adobe without \textcurrency
(textcomp)               4 = 5 + \texteuro
(textcomp)               3 = 4 + \textohm
(textcomp)               2 = 3 + \textestimated + \textcurrency
(textcomp)               1 = TS1 - \textcircled - \t
(textcomp)               0 = TS1 (full)
(textcomp)             Font families with sub-encoding setting implement
(textcomp)             only a restricted character set as indicated.
(textcomp)             Family '?' is the default used for unknown fonts.
(textcomp)             See the documentation for details.
Package textcomp Info: Setting ? sub-encoding to TS1/1 on input line 79.
Package textcomp Info: Changing ? sub-encoding to TS1/0 on input line 80.
 (/usr/share/texmf-dist/tex/latex/base/ts1enc.def
File: ts1enc.def 2001/06/05 v3.0e (jk/car/fm) Standard LaTeX file
Now handling font encoding TS1 ...
... processing UTF-8 mapping file for font encoding TS1
 (/usr/share/texmf-dist/tex/latex/base/ts1enc.dfu
File: ts1enc.dfu 2019/07/11 v1.2j UTF-8 support for inputenc
   defining Unicode char U+00A2 (decimal 162)
   defining Unicode char U+00A3 (decimal 163)
   defining Unicode char U+00A4 (decimal 164)
   defining Unicode char U+00A5 (decimal 165)
   defining Unicode char U+00A6 (decimal 166)
   defining Unicode char U+00A7 (decimal 167)
   defining Unicode char U+00A8 (decimal 168)
   defining Unicode char U+00A9 (decimal 169)
   defining Unicode char U+00AA (decimal 170)
   defining Unicode char U+00AC (decimal 172)
   defining Unicode char U+00AE (decimal 174)
   defining Unicode char U+00AF (decimal 175)
   defining Unicode char U+00B0 (decimal 176)
   defining Unicode char U+00B1 (decimal 177)
   defining Unicode char U+00B2 (decimal 178)
   defining Unicode char U+00B3 (decimal 179)
   defining Unicode char U+00B4 (decimal 180)
   defining Unicode char U+00B5 (decimal 181)
   defining Unicode char U+00B6 (decimal 182)
   defining Unicode char U+00B7 (decimal 183)
   defining Unicode char U+00B9 (decimal 185)
   defining Unicode char U+00BA (decimal 186)
   defining Unicode char U+00BC (decimal 188)
   defining Unicode char U+00BD (decimal 189)
   defining Unicode char U+00BE (decimal 190)
   defining Unicode char U+00D7 (decimal 215)
   defining Unicode char U+00F7 (decimal 247)
   defining Unicode char U+0192 (decimal 402)
   defining Unicode char U+02C7 (decimal 711)
   defining Unicode char U+02D8 (decimal 728)
   defining Unicode char U+02DD (decimal 733)
   defining Unicode char U+0E3F (decimal 3647)
   defining Unicode char U+2016 (decimal 8214)
   defining Unicode char U+2020 (decimal 8224)
   defining Unicode char U+2021 (decimal 8225)
   defining Unicode char U+2022 (decimal 8226)
   defining Unicode char U+2030 (decimal 8240)
   defining Unicode char U+2031 (decimal 8241)
   defining Unicode char U+203B (decimal 8251)
   defining Unicode char U+203D (decimal 8253)
   defining Unicode char U+2044 (decimal 8260)
   defining Unicode char U+204E (decimal 8270)
   defining Unicode char U+2052 (decimal 8274)
   defining Unicode char U+20A1 (decimal 8353)
   defining Unicode char U+20A4 (decimal 8356)
   defining Unicode char U+20A6 (decimal 8358)
   defining Unicode char U+20A9 (decimal 8361)
   defining Unicode char U+20AB (decimal 8363)
   defining Unicode char U+20AC (decimal 8364)
   defining Unicode char U+20B1 (decimal 8369)
   defining Unicode char U+2103 (decimal 8451)
   defining Unicode char U+2116 (decimal 8470)
   defining Unicode char U+2117 (decimal 8471)
   defining Unicode char U+211E (decimal 8478)
   defining Unicode char U+2120 (decimal 8480)
   defining Unicode char U+2122 (decimal 8482)
   defining Unicode char U+2126 (decimal 8486)
   defining Unicode char U+2127 (decimal 8487)
   defining Unicode char U+212E (decimal 8494)
   defining Unicode char U+2190 (decimal 8592)
   defining Unicode char U+2191 (decimal 8593)
   defining Unicode char U+2192 (decimal 8594)
   defining Unicode char U+2193 (decimal 8595)
   defining Unicode char U+2329 (decimal 9001)
   defining Unicode char U+232A (decimal 9002)
   defining Unicode char U+2422 (decimal 9250)
   defining Unicode char U+25E6 (decimal 9702)
   defining Unicode char U+25EF (decimal 9711)
   defining Unicode char U+266A (decimal 9834)
   defining Unicode char U+27E8 (decimal 10216)
   defining Unicode char U+27E9 (decimal 10217)
   defining Unicode char U+FEFF (decimal 65279)
))
LaTeX Info: Redefining \oldstylenums on input line 334.
Package textcomp Info: Setting cmr sub-encoding to TS1/0 on input line 349.
Package textcomp Info: Setting cmss sub-encoding to TS1/0 on input line 350.
Package textcomp Info: Setting cmtt sub-encoding to TS1/0 on input line 351.
Package textcomp Info: Setting cmvtt sub-encoding to TS1/0 on input line 352.
Package textcomp Info: Setting cmbr sub-encoding to TS1/0 on input line 353.
Package textcomp Info: Setting cmtl sub-encoding to TS1/0 on input line 354.
Package textcomp Info: Setting ccr sub-encoding to TS1/0 on input line 355.
Package textcomp Info: Setting ptm sub-encoding to TS1/4 on input line 356.
Package textcomp Info: Setting pcr sub-encoding to TS1/4 on input line 357.
Package textcomp Info: Setting phv sub-encoding to TS1/4 on input line 358.
Package textcomp Info: Setting ppl sub-encoding to TS1/3 on input line 359.
Package textcomp Info: Setting pag sub-encoding to TS1/4 on input line 360.
Package textcomp Info: Setting pbk sub-encoding to TS1/4 on input line 361.
Package textcomp Info: Setting pnc sub-encoding to TS1/4 on input line 362.
Package textcomp Info: Setting pzc sub-encoding to TS1/4 on input line 363.
Package textcomp Info: Setting bch sub-encoding to TS1/4 on input line 364.
Package textcomp Info: Setting put sub-encoding to TS1/5 on input line 365.
Package textcomp Info: Setting uag sub-encoding to TS1/5 on input line 366.
Package textcomp Info: Setting ugq sub-encoding to TS1/5 on input line 367.
Package textcomp Info: Setting ul8 sub-encoding to TS1/4 on input line 368.
Package textcomp Info: Setting ul9 sub-encoding to TS1/4 on input line 369.
Package textcomp Info: Setting augie sub-encoding to TS1/5 on input line 370.
Package textcomp Info: Setting dayrom sub-encoding to TS1/3 on input line 371.
Package textcomp Info: Setting dayroms sub-encoding to TS1/3 on input line 372.
Package textcomp Info: Setting pxr sub-encoding to TS1/0 on input line 373.
Package textcomp Info: Setting pxss sub-encoding to TS1/0 on input line 374.
Package textcomp Info: Setting pxtt sub-encoding to TS1/0 on input line 375.
Package textcomp Info: Setting txr sub-encoding to TS1/0 on input line 376.
Package textcomp Info: Setting txss sub-encoding to TS1/0 on input line 377.
Package textcomp Info: Setting txtt sub-encoding to TS1/0 on input line 378.
Package textcomp Info: Setting lmr sub-encoding to TS1/0 on input line 379.
Package textcomp Info: Setting lmdh sub-encoding to TS1/0 on input line 380.
Package textcomp Info: Setting lmss sub-encoding to TS1/0 on input line 381.
Package textcomp Info: Setting lmssq sub-encoding to TS1/0 on input line 382.
Package textcomp Info: Setting lmvtt sub-encoding to TS1/0 on input line 383.
Package textcomp Info: Setting lmtt sub-encoding to TS1/0 on input line 384.
Package textcomp Info: Setting qhv sub-encoding to TS1/0 on input line 385.
Package textcomp Info: Setting qag sub-encoding to TS1/0 on input line 386.
Package textcomp Info: Setting qbk sub-encoding to TS1/0 on input line 387.
Package textcomp Info: Setting qcr sub-encoding to TS1/0 on input line 388.
Package textcomp Info: Setting qcs sub-encoding to TS1/0 on input line 389.
Package textcomp Info: Setting qpl sub-encoding to TS1/0 on input line 390.
Package textcomp Info: Setting qtm sub-encoding to TS1/0 on input line 391.
Package textcomp Info: Setting qzc sub-encoding to TS1/0 on input line 392.
Package textcomp Info: Setting qhvc sub-encoding to TS1/0 on input line 393.
Package textcomp Info: Setting futs sub-encoding to TS1/4 on input line 394.
Package textcomp Info: Setting futx sub-encoding to TS1/4 on input line 395.
Package textcomp Info: Setting futj sub-encoding to TS1/4 on input line 396.
Package textcomp Info: Setting hlh sub-encoding to TS1/3 on input line 397.
Package textcomp Info: Setting hls sub-encoding to TS1/3 on input line 398.
Package textcomp Info: Setting hlst sub-encoding to TS1/3 on input line 399.
Package textcomp Info: Setting hlct sub-encoding to TS1/5 on input line 400.
Package textcomp Info: Setting hlx sub-encoding to TS1/5 on input line 401.
Package textcomp Info: Setting hlce sub-encoding to TS1/5 on input line 402.
Package textcomp Info: Setting hlcn sub-encoding to TS1/5 on input line 403.
Package textcomp Info: Setting hlcw sub-encoding to TS1/5 on input line 404.
Package textcomp Info: Setting hlcf sub-encoding to TS1/5 on input line 405.
Package textcomp Info: Setting pplx sub-encoding to TS1/3 on input line 406.
Package textcomp Info: Setting pplj sub-encoding to TS1/3 on input line 407.
Package textcomp Info: Setting ptmx sub-encoding to TS1/4 on input line 408.
Package textcomp Info: Setting ptmj sub-encoding to TS1/4 on input line 409.
)
LaTeX Font Info:    Redeclaring math symbol \mathsterling on input line 233.
)
LaTeX Font Info:    Trying to load font information for T1+ntxtlf on input line 7.
 (/usr/share/texmf-dist/tex/latex/newtx/t1ntxtlf.fd
File: t1ntxtlf.fd 2015/01/17 v1.0 font definition file for T1/ntx/tlf
)
LaTeX Font Info:    Font shape `T1/ntxtlf/m/n' will be
(Font)              scaled to size 12.0pt on input line 7.
 (/home/richard/Documents/exam_notes/ocds/paper.aux)
\openout1 = `paper.aux'.

LaTeX Font Info:    Checking defaults for OML/cmm/m/it on input line 7.
LaTeX Font Info:    ... okay on input line 7.
LaTeX Font Info:    Checking defaults for T1/cmr/m/n on input line 7.
LaTeX Font Info:    ... okay on input line 7.
LaTeX Font Info:    Checking defaults for OT1/cmr/m/n on input line 7.
LaTeX Font Info:    ... okay on input line 7.
LaTeX Font Info:    Checking defaults for OMS/cmsy/m/n on input line 7.
LaTeX Font Info:    ... okay on input line 7.
LaTeX Font Info:    Checking defaults for OMX/cmex/m/n on input line 7.
LaTeX Font Info:    ... okay on input line 7.
LaTeX Font Info:    Checking defaults for U/cmr/m/n on input line 7.
LaTeX Font Info:    ... okay on input line 7.
LaTeX Font Info:    Checking defaults for TS1/cmr/m/n on input line 7.
LaTeX Font Info:    Trying to load font information for TS1+cmr on input line 7.
 (/usr/share/texmf-dist/tex/latex/base/ts1cmr.fd
File: ts1cmr.fd 2014/09/29 v2.5h Standard LaTeX font definitions
)
LaTeX Font Info:    ... okay on input line 7.
\c@mv@tabular=\count90
\c@mv@boldtabular=\count91
 (/home/richard/Documents/exam_notes/ocds/02_methods.tex
/home/richard/Documents/exam_notes/ocds/02_methods.tex:29: You can't use `macro parameter character #' in vertical mode.
l.29 #
      ## Zero Order / Direct Search Methods
Sorry, but I'm not programmed to handle this case;
I'll just pretend that you didn't ask for it.
If you're in the wrong mode, you might be able to
return to the right one by typing `I}' or `I$' or `I\par'.

/home/richard/Documents/exam_notes/ocds/02_methods.tex:29: You can't use `macro parameter character #' in vertical mode.
l.29 ##
       # Zero Order / Direct Search Methods
Sorry, but I'm not programmed to handle this case;
I'll just pretend that you didn't ask for it.
If you're in the wrong mode, you might be able to
return to the right one by typing `I}' or `I$' or `I\par'.

/home/richard/Documents/exam_notes/ocds/02_methods.tex:29: You can't use `macro parameter character #' in vertical mode.
l.29 ###
         Zero Order / Direct Search Methods
Sorry, but I'm not programmed to handle this case;
I'll just pretend that you didn't ask for it.
If you're in the wrong mode, you might be able to
return to the right one by typing `I}' or `I$' or `I\par'.

/home/richard/Documents/exam_notes/ocds/02_methods.tex:34: You can't use `macro parameter character #' in vertical mode.
l.34 #
      ## Machine Learning
Sorry, but I'm not programmed to handle this case;
I'll just pretend that you didn't ask for it.
If you're in the wrong mode, you might be able to
return to the right one by typing `I}' or `I$' or `I\par'.

/home/richard/Documents/exam_notes/ocds/02_methods.tex:34: You can't use `macro parameter character #' in vertical mode.
l.34 ##
       # Machine Learning
Sorry, but I'm not programmed to handle this case;
I'll just pretend that you didn't ask for it.
If you're in the wrong mode, you might be able to
return to the right one by typing `I}' or `I$' or `I\par'.

/home/richard/Documents/exam_notes/ocds/02_methods.tex:34: You can't use `macro parameter character #' in vertical mode.
l.34 ###
         Machine Learning
Sorry, but I'm not programmed to handle this case;
I'll just pretend that you didn't ask for it.
If you're in the wrong mode, you might be able to
return to the right one by typing `I}' or `I$' or `I\par'.


/home/richard/Documents/exam_notes/ocds/02_methods.tex:39: Package inputenc Error: Unicode character ‚ÇÅ (U+2081)
(inputenc)                not set up for use with LaTeX.

See the inputenc package documentation for explanation.
Type  H <return>  for immediate help.
 ...                                              
                                                  
l.39     x‚ÇÅ
                y‚ÇÅ   w‚ÇÄ+w‚ÇÅx‚ÇÅ  y‚ÇÅ-(w‚ÇÄ+w‚ÇÅx‚ÇÅ)
You may provide a definition with
\DeclareUnicodeCharacter 


/home/richard/Documents/exam_notes/ocds/02_methods.tex:39: Package inputenc Error: Unicode character ‚ÇÅ (U+2081)
(inputenc)                not set up for use with LaTeX.

See the inputenc package documentation for explanation.
Type  H <return>  for immediate help.
 ...                                              
                                                  
l.39     x‚ÇÅ   y‚ÇÅ
                       w‚ÇÄ+w‚ÇÅx‚ÇÅ  y‚ÇÅ-(w‚ÇÄ+w‚ÇÅx‚ÇÅ)
You may provide a definition with
\DeclareUnicodeCharacter 


/home/richard/Documents/exam_notes/ocds/02_methods.tex:39: Package inputenc Error: Unicode character ‚ÇÄ (U+2080)
(inputenc)                not set up for use with LaTeX.

See the inputenc package documentation for explanation.
Type  H <return>  for immediate help.
 ...                                              
                                                  
l.39     x‚ÇÅ   y‚ÇÅ   w‚ÇÄ
                           +w‚ÇÅx‚ÇÅ  y‚ÇÅ-(w‚ÇÄ+w‚ÇÅx‚ÇÅ)
You may provide a definition with
\DeclareUnicodeCharacter 


/home/richard/Documents/exam_notes/ocds/02_methods.tex:39: Package inputenc Error: Unicode character ‚ÇÅ (U+2081)
(inputenc)                not set up for use with LaTeX.

See the inputenc package documentation for explanation.
Type  H <return>  for immediate help.
 ...                                              
                                                  
l.39     x‚ÇÅ   y‚ÇÅ   w‚ÇÄ+w‚ÇÅ
                                x‚ÇÅ  y‚ÇÅ-(w‚ÇÄ+w‚ÇÅx‚ÇÅ)
You may provide a definition with
\DeclareUnicodeCharacter 


/home/richard/Documents/exam_notes/ocds/02_methods.tex:39: Package inputenc Error: Unicode character ‚ÇÅ (U+2081)
(inputenc)                not set up for use with LaTeX.

See the inputenc package documentation for explanation.
Type  H <return>  for immediate help.
 ...                                              
                                                  
l.39     x‚ÇÅ   y‚ÇÅ   w‚ÇÄ+w‚ÇÅx‚ÇÅ
                                      y‚ÇÅ-(w‚ÇÄ+w‚ÇÅx‚ÇÅ)
You may provide a definition with
\DeclareUnicodeCharacter 


/home/richard/Documents/exam_notes/ocds/02_methods.tex:39: Package inputenc Error: Unicode character ‚ÇÅ (U+2081)
(inputenc)                not set up for use with LaTeX.

See the inputenc package documentation for explanation.
Type  H <return>  for immediate help.
 ...                                              
                                                  
l.39     x‚ÇÅ   y‚ÇÅ   w‚ÇÄ+w‚ÇÅx‚ÇÅ  y‚ÇÅ
                                          -(w‚ÇÄ+w‚ÇÅx‚ÇÅ)
You may provide a definition with
\DeclareUnicodeCharacter 


/home/richard/Documents/exam_notes/ocds/02_methods.tex:39: Package inputenc Error: Unicode character ‚ÇÄ (U+2080)
(inputenc)                not set up for use with LaTeX.

See the inputenc package documentation for explanation.
Type  H <return>  for immediate help.
 ...                                              
                                                  
l.39     x‚ÇÅ   y‚ÇÅ   w‚ÇÄ+w‚ÇÅx‚ÇÅ  y‚ÇÅ-(w‚ÇÄ
                                                +w‚ÇÅx‚ÇÅ)
You may provide a definition with
\DeclareUnicodeCharacter 


/home/richard/Documents/exam_notes/ocds/02_methods.tex:39: Package inputenc Error: Unicode character ‚ÇÅ (U+2081)
(inputenc)                not set up for use with LaTeX.

See the inputenc package documentation for explanation.
Type  H <return>  for immediate help.
 ...                                              
                                                  
l.39 ...ÇÅ   y‚ÇÅ   w‚ÇÄ+w‚ÇÅx‚ÇÅ  y‚ÇÅ-(w‚ÇÄ+w‚ÇÅ
                                                  x‚ÇÅ)
You may provide a definition with
\DeclareUnicodeCharacter 


/home/richard/Documents/exam_notes/ocds/02_methods.tex:39: Package inputenc Error: Unicode character ‚ÇÅ (U+2081)
(inputenc)                not set up for use with LaTeX.

See the inputenc package documentation for explanation.
Type  H <return>  for immediate help.
 ...                                              
                                                  
l.39 ... y‚ÇÅ   w‚ÇÄ+w‚ÇÅx‚ÇÅ  y‚ÇÅ-(w‚ÇÄ+w‚ÇÅx‚ÇÅ
                                                  )
You may provide a definition with
\DeclareUnicodeCharacter 


/home/richard/Documents/exam_notes/ocds/02_methods.tex:40: Package inputenc Error: Unicode character ‚ÇÇ (U+2082)
(inputenc)                not set up for use with LaTeX.

See the inputenc package documentation for explanation.
Type  H <return>  for immediate help.
 ...                                              
                                                  
l.40     x‚ÇÇ
                y‚ÇÇ   w‚ÇÄ+w‚ÇÅx‚ÇÇ  y‚ÇÇ-(w‚ÇÄ+w‚ÇÅx‚ÇÇ)
You may provide a definition with
\DeclareUnicodeCharacter 


/home/richard/Documents/exam_notes/ocds/02_methods.tex:40: Package inputenc Error: Unicode character ‚ÇÇ (U+2082)
(inputenc)                not set up for use with LaTeX.

See the inputenc package documentation for explanation.
Type  H <return>  for immediate help.
 ...                                              
                                                  
l.40     x‚ÇÇ   y‚ÇÇ
                       w‚ÇÄ+w‚ÇÅx‚ÇÇ  y‚ÇÇ-(w‚ÇÄ+w‚ÇÅx‚ÇÇ)
You may provide a definition with
\DeclareUnicodeCharacter 


/home/richard/Documents/exam_notes/ocds/02_methods.tex:40: Package inputenc Error: Unicode character ‚ÇÄ (U+2080)
(inputenc)                not set up for use with LaTeX.

See the inputenc package documentation for explanation.
Type  H <return>  for immediate help.
 ...                                              
                                                  
l.40     x‚ÇÇ   y‚ÇÇ   w‚ÇÄ
                           +w‚ÇÅx‚ÇÇ  y‚ÇÇ-(w‚ÇÄ+w‚ÇÅx‚ÇÇ)
You may provide a definition with
\DeclareUnicodeCharacter 


/home/richard/Documents/exam_notes/ocds/02_methods.tex:40: Package inputenc Error: Unicode character ‚ÇÅ (U+2081)
(inputenc)                not set up for use with LaTeX.

See the inputenc package documentation for explanation.
Type  H <return>  for immediate help.
 ...                                              
                                                  
l.40     x‚ÇÇ   y‚ÇÇ   w‚ÇÄ+w‚ÇÅ
                                x‚ÇÇ  y‚ÇÇ-(w‚ÇÄ+w‚ÇÅx‚ÇÇ)
You may provide a definition with
\DeclareUnicodeCharacter 


/home/richard/Documents/exam_notes/ocds/02_methods.tex:40: Package inputenc Error: Unicode character ‚ÇÇ (U+2082)
(inputenc)                not set up for use with LaTeX.

See the inputenc package documentation for explanation.
Type  H <return>  for immediate help.
 ...                                              
                                                  
l.40     x‚ÇÇ   y‚ÇÇ   w‚ÇÄ+w‚ÇÅx‚ÇÇ
                                      y‚ÇÇ-(w‚ÇÄ+w‚ÇÅx‚ÇÇ)
You may provide a definition with
\DeclareUnicodeCharacter 


/home/richard/Documents/exam_notes/ocds/02_methods.tex:40: Package inputenc Error: Unicode character ‚ÇÇ (U+2082)
(inputenc)                not set up for use with LaTeX.

See the inputenc package documentation for explanation.
Type  H <return>  for immediate help.
 ...                                              
                                                  
l.40     x‚ÇÇ   y‚ÇÇ   w‚ÇÄ+w‚ÇÅx‚ÇÇ  y‚ÇÇ
                                          -(w‚ÇÄ+w‚ÇÅx‚ÇÇ)
You may provide a definition with
\DeclareUnicodeCharacter 


/home/richard/Documents/exam_notes/ocds/02_methods.tex:40: Package inputenc Error: Unicode character ‚ÇÄ (U+2080)
(inputenc)                not set up for use with LaTeX.

See the inputenc package documentation for explanation.
Type  H <return>  for immediate help.
 ...                                              
                                                  
l.40     x‚ÇÇ   y‚ÇÇ   w‚ÇÄ+w‚ÇÅx‚ÇÇ  y‚ÇÇ-(w‚ÇÄ
                                                +w‚ÇÅx‚ÇÇ)
You may provide a definition with
\DeclareUnicodeCharacter 


/home/richard/Documents/exam_notes/ocds/02_methods.tex:40: Package inputenc Error: Unicode character ‚ÇÅ (U+2081)
(inputenc)                not set up for use with LaTeX.

See the inputenc package documentation for explanation.
Type  H <return>  for immediate help.
 ...                                              
                                                  
l.40 ...ÇÇ   y‚ÇÇ   w‚ÇÄ+w‚ÇÅx‚ÇÇ  y‚ÇÇ-(w‚ÇÄ+w‚ÇÅ
                                                  x‚ÇÇ)
You may provide a definition with
\DeclareUnicodeCharacter 


/home/richard/Documents/exam_notes/ocds/02_methods.tex:40: Package inputenc Error: Unicode character ‚ÇÇ (U+2082)
(inputenc)                not set up for use with LaTeX.

See the inputenc package documentation for explanation.
Type  H <return>  for immediate help.
 ...                                              
                                                  
l.40 ... y‚ÇÇ   w‚ÇÄ+w‚ÇÅx‚ÇÇ  y‚ÇÇ-(w‚ÇÄ+w‚ÇÅx‚ÇÇ
                                                  )
You may provide a definition with
\DeclareUnicodeCharacter 


/home/richard/Documents/exam_notes/ocds/02_methods.tex:42: Package inputenc Error: Unicode character ‚ÇÄ (U+2080)
(inputenc)                not set up for use with LaTeX.

See the inputenc package documentation for explanation.
Type  H <return>  for immediate help.
 ...                                              
                                                  
l.42     xn   yn   w‚ÇÄ
                       +w‚ÇÅxn  yn-(w‚ÇÄ+w‚ÇÅxn)
You may provide a definition with
\DeclareUnicodeCharacter 


/home/richard/Documents/exam_notes/ocds/02_methods.tex:42: Package inputenc Error: Unicode character ‚ÇÅ (U+2081)
(inputenc)                not set up for use with LaTeX.

See the inputenc package documentation for explanation.
Type  H <return>  for immediate help.
 ...                                              
                                                  
l.42     xn   yn   w‚ÇÄ+w‚ÇÅ
                            xn  yn-(w‚ÇÄ+w‚ÇÅxn)
You may provide a definition with
\DeclareUnicodeCharacter 


/home/richard/Documents/exam_notes/ocds/02_methods.tex:42: Package inputenc Error: Unicode character ‚ÇÄ (U+2080)
(inputenc)                not set up for use with LaTeX.

See the inputenc package documentation for explanation.
Type  H <return>  for immediate help.
 ...                                              
                                                  
l.42     xn   yn   w‚ÇÄ+w‚ÇÅxn  yn-(w‚ÇÄ
                                        +w‚ÇÅxn)
You may provide a definition with
\DeclareUnicodeCharacter 


/home/richard/Documents/exam_notes/ocds/02_methods.tex:42: Package inputenc Error: Unicode character ‚ÇÅ (U+2081)
(inputenc)                not set up for use with LaTeX.

See the inputenc package documentation for explanation.
Type  H <return>  for immediate help.
 ...                                              
                                                  
l.42     xn   yn   w‚ÇÄ+w‚ÇÅxn  yn-(w‚ÇÄ+w‚ÇÅ
                                             xn)
You may provide a definition with
\DeclareUnicodeCharacter 

/home/richard/Documents/exam_notes/ocds/02_methods.tex:46: You can't use `macro parameter character #' in vertical mode.
l.46 #
      ## Gradient Descent
Sorry, but I'm not programmed to handle this case;
I'll just pretend that you didn't ask for it.
If you're in the wrong mode, you might be able to
return to the right one by typing `I}' or `I$' or `I\par'.

/home/richard/Documents/exam_notes/ocds/02_methods.tex:46: You can't use `macro parameter character #' in vertical mode.
l.46 ##
       # Gradient Descent
Sorry, but I'm not programmed to handle this case;
I'll just pretend that you didn't ask for it.
If you're in the wrong mode, you might be able to
return to the right one by typing `I}' or `I$' or `I\par'.

/home/richard/Documents/exam_notes/ocds/02_methods.tex:46: You can't use `macro parameter character #' in vertical mode.
l.46 ###
         Gradient Descent
Sorry, but I'm not programmed to handle this case;
I'll just pretend that you didn't ask for it.
If you're in the wrong mode, you might be able to
return to the right one by typing `I}' or `I$' or `I\par'.

/home/richard/Documents/exam_notes/ocds/02_methods.tex:51: Missing $ inserted.
<inserted text> 
                $
l.51         w^
               k = w^(k-1) - a‚ñΩg(w^(k-1))
I've inserted a begin-math/end-math symbol since I think
you left one out. Proceed, with fingers crossed.

LaTeX Font Info:    External font `cmex10' loaded for size
(Font)              <12> on input line 51.
LaTeX Font Info:    External font `cmex10' loaded for size
(Font)              <8> on input line 51.
LaTeX Font Info:    External font `cmex10' loaded for size
(Font)              <6> on input line 51.

/home/richard/Documents/exam_notes/ocds/02_methods.tex:51: Package inputenc Error: Unicode character ‚ñΩ (U+25BD)
(inputenc)                not set up for use with LaTeX.

See the inputenc package documentation for explanation.
Type  H <return>  for immediate help.
 ...                                              
                                                  
l.51         w^k = w^(k-1) - a‚ñΩ
                                 g(w^(k-1))
You may provide a definition with
\DeclareUnicodeCharacter 

/home/richard/Documents/exam_notes/ocds/02_methods.tex:53: Missing $ inserted.
<inserted text> 
                $
l.53 
     
I've inserted a begin-math/end-math symbol since I think
you left one out. Proceed, with fingers crossed.


/home/richard/Documents/exam_notes/ocds/02_methods.tex:54: Package inputenc Error: Unicode character ‚ñΩ (U+25BD)
(inputenc)                not set up for use with LaTeX.

See the inputenc package documentation for explanation.
Type  H <return>  for immediate help.
 ...                                              
                                                  
l.54     gradient: ‚ñΩ
                      g(w^(k-1))
You may provide a definition with
\DeclareUnicodeCharacter 

/home/richard/Documents/exam_notes/ocds/02_methods.tex:54: Missing $ inserted.
<inserted text> 
                $
l.54     gradient: ‚ñΩg(w^
                          (k-1))
I've inserted a begin-math/end-math symbol since I think
you left one out. Proceed, with fingers crossed.

/home/richard/Documents/exam_notes/ocds/02_methods.tex:55: Missing $ inserted.
<inserted text> 
                $
l.55 
     
I've inserted a begin-math/end-math symbol since I think
you left one out. Proceed, with fingers crossed.

/home/richard/Documents/exam_notes/ocds/02_methods.tex:56: You can't use `macro parameter character #' in vertical mode.
l.56 #
      ## Newtons Method
Sorry, but I'm not programmed to handle this case;
I'll just pretend that you didn't ask for it.
If you're in the wrong mode, you might be able to
return to the right one by typing `I}' or `I$' or `I\par'.

/home/richard/Documents/exam_notes/ocds/02_methods.tex:56: You can't use `macro parameter character #' in vertical mode.
l.56 ##
       # Newtons Method
Sorry, but I'm not programmed to handle this case;
I'll just pretend that you didn't ask for it.
If you're in the wrong mode, you might be able to
return to the right one by typing `I}' or `I$' or `I\par'.

/home/richard/Documents/exam_notes/ocds/02_methods.tex:56: You can't use `macro parameter character #' in vertical mode.
l.56 ###
         Newtons Method
Sorry, but I'm not programmed to handle this case;
I'll just pretend that you didn't ask for it.
If you're in the wrong mode, you might be able to
return to the right one by typing `I}' or `I$' or `I\par'.

/home/richard/Documents/exam_notes/ocds/02_methods.tex:58: Missing $ inserted.
<inserted text> 
                $
l.58 ...rentiable function g, and initial point w^
                                                  0
I've inserted a begin-math/end-math symbol since I think
you left one out. Proceed, with fingers crossed.


/home/richard/Documents/exam_notes/ocds/02_methods.tex:61: Package inputenc Error: Unicode character ‚ñΩ (U+25BD)
(inputenc)                not set up for use with LaTeX.

See the inputenc package documentation for explanation.
Type  H <return>  for immediate help.
 ...                                              
                                                  
l.61         solve the system ‚ñΩ
                                 ^2g(w^(k-1))w^k = ‚ñΩ^2g(w^(k-1))w^(k-1) - ...
You may provide a definition with
\DeclareUnicodeCharacter 


/home/richard/Documents/exam_notes/ocds/02_methods.tex:61: Package inputenc Error: Unicode character ‚ñΩ (U+25BD)
(inputenc)                not set up for use with LaTeX.

See the inputenc package documentation for explanation.
Type  H <return>  for immediate help.
 ...                                              
                                                  
l.61 ... solve the system ‚ñΩ^2g(w^(k-1))w^k = ‚ñΩ
                                                  ^2g(w^(k-1))w^(k-1) - ‚ñΩg...
You may provide a definition with
\DeclareUnicodeCharacter 


/home/richard/Documents/exam_notes/ocds/02_methods.tex:61: Package inputenc Error: Unicode character ‚ñΩ (U+25BD)
(inputenc)                not set up for use with LaTeX.

See the inputenc package documentation for explanation.
Type  H <return>  for immediate help.
 ...                                              
                                                  
l.61 ...w^(k-1))w^k = ‚ñΩ^2g(w^(k-1))w^(k-1) - ‚ñΩ
                                                  g(w^(k-1)) for w^k
You may provide a definition with
\DeclareUnicodeCharacter 

/home/richard/Documents/exam_notes/ocds/02_methods.tex:63: Missing $ inserted.
<inserted text> 
                $
l.63 
     
I've inserted a begin-math/end-math symbol since I think
you left one out. Proceed, with fingers crossed.


Overfull \hbox (195.91763pt too wide) in paragraph at lines 58--63
[]\T1/ntxtlf/m/n/12 twice dif-fer-en-tiable func-tion g, and ini-tial point w$[]\OML/cmm/m/it/12 k \OT1/cmr/m/n/12 = 1\OML/cmm/m/it/12 repeatuntilstoppingconditionismetsolvethesystem[]g\OT1/cmr/m/n/12 (\OML/cmm/m/it/12 w[]k \OMS/cmsy/m/n/12 ^^@
 []

/home/richard/Documents/exam_notes/ocds/02_methods.tex:64: You can't use `macro parameter character #' in vertical mode.
l.64 #
      ## Tangent & Curvature
Sorry, but I'm not programmed to handle this case;
I'll just pretend that you didn't ask for it.
If you're in the wrong mode, you might be able to
return to the right one by typing `I}' or `I$' or `I\par'.

/home/richard/Documents/exam_notes/ocds/02_methods.tex:64: You can't use `macro parameter character #' in vertical mode.
l.64 ##
       # Tangent & Curvature
Sorry, but I'm not programmed to handle this case;
I'll just pretend that you didn't ask for it.
If you're in the wrong mode, you might be able to
return to the right one by typing `I}' or `I$' or `I\par'.

/home/richard/Documents/exam_notes/ocds/02_methods.tex:64: You can't use `macro parameter character #' in vertical mode.
l.64 ###
         Tangent & Curvature
Sorry, but I'm not programmed to handle this case;
I'll just pretend that you didn't ask for it.
If you're in the wrong mode, you might be able to
return to the right one by typing `I}' or `I$' or `I\par'.

/home/richard/Documents/exam_notes/ocds/02_methods.tex:64: Misplaced alignment tab character &.
l.64 ### Tangent &
                   Curvature
I can't figure out why you would want to use a tab mark
here. If you just want an ampersand, the remedy is
simple: Just type `I\&' now. But if some right brace
up above has ended a previous alignment prematurely,
you're probably due for more error messages, and you
might try typing `S' now just to see what is salvageable.

) (/home/richard/Documents/exam_notes/ocds/03_optimization.tex
/home/richard/Documents/exam_notes/ocds/03_optimization.tex:1: You can't use `macro parameter character #' in horizontal mode.
l.1 #
     # Optimization (Search) Methods
Sorry, but I'm not programmed to handle this case;
I'll just pretend that you didn't ask for it.
If you're in the wrong mode, you might be able to
return to the right one by typing `I}' or `I$' or `I\par'.

/home/richard/Documents/exam_notes/ocds/03_optimization.tex:1: You can't use `macro parameter character #' in horizontal mode.
l.1 ##
       Optimization (Search) Methods
Sorry, but I'm not programmed to handle this case;
I'll just pretend that you didn't ask for it.
If you're in the wrong mode, you might be able to
return to the right one by typing `I}' or `I$' or `I\par'.

/home/richard/Documents/exam_notes/ocds/03_optimization.tex:6: You can't use `macro parameter character #' in vertical mode.
l.6 #
     # SAmple Error/Loss Functions
Sorry, but I'm not programmed to handle this case;
I'll just pretend that you didn't ask for it.
If you're in the wrong mode, you might be able to
return to the right one by typing `I}' or `I$' or `I\par'.

/home/richard/Documents/exam_notes/ocds/03_optimization.tex:6: You can't use `macro parameter character #' in vertical mode.
l.6 ##
       SAmple Error/Loss Functions
Sorry, but I'm not programmed to handle this case;
I'll just pretend that you didn't ask for it.
If you're in the wrong mode, you might be able to
return to the right one by typing `I}' or `I$' or `I\par'.

/home/richard/Documents/exam_notes/ocds/03_optimization.tex:9: You can't use `macro parameter character #' in vertical mode.
l.9 #
     ## Derivatives of a multivariate function
Sorry, but I'm not programmed to handle this case;
I'll just pretend that you didn't ask for it.
If you're in the wrong mode, you might be able to
return to the right one by typing `I}' or `I$' or `I\par'.

/home/richard/Documents/exam_notes/ocds/03_optimization.tex:9: You can't use `macro parameter character #' in vertical mode.
l.9 ##
      # Derivatives of a multivariate function
Sorry, but I'm not programmed to handle this case;
I'll just pretend that you didn't ask for it.
If you're in the wrong mode, you might be able to
return to the right one by typing `I}' or `I$' or `I\par'.

/home/richard/Documents/exam_notes/ocds/03_optimization.tex:9: You can't use `macro parameter character #' in vertical mode.
l.9 ###
        Derivatives of a multivariate function
Sorry, but I'm not programmed to handle this case;
I'll just pretend that you didn't ask for it.
If you're in the wrong mode, you might be able to
return to the right one by typing `I}' or `I$' or `I\par'.

[1

{/var/lib/texmf/fonts/map/pdftex/updmap/pdftex.map}]
/home/richard/Documents/exam_notes/ocds/03_optimization.tex:16: Missing $ inserted.
<inserted text> 
                $
l.16 J_
       ij = delta f_i/delta x_j
I've inserted a begin-math/end-math symbol since I think
you left one out. Proceed, with fingers crossed.

/home/richard/Documents/exam_notes/ocds/03_optimization.tex:17: Missing $ inserted.
<inserted text> 
                $
l.17 
     
I've inserted a begin-math/end-math symbol since I think
you left one out. Proceed, with fingers crossed.

/home/richard/Documents/exam_notes/ocds/03_optimization.tex:20: You can't use `macro parameter character #' in vertical mode.
l.20 #
      # Zero Order or Direct Search
Sorry, but I'm not programmed to handle this case;
I'll just pretend that you didn't ask for it.
If you're in the wrong mode, you might be able to
return to the right one by typing `I}' or `I$' or `I\par'.

/home/richard/Documents/exam_notes/ocds/03_optimization.tex:20: You can't use `macro parameter character #' in vertical mode.
l.20 ##
        Zero Order or Direct Search
Sorry, but I'm not programmed to handle this case;
I'll just pretend that you didn't ask for it.
If you're in the wrong mode, you might be able to
return to the right one by typing `I}' or `I$' or `I\par'.

) (/home/richard/Documents/exam_notes/ocds/05_regularization.tex

/home/richard/Documents/exam_notes/ocds/05_regularization.tex:6: Package inputenc Error: Unicode character Œª (U+03BB)
(inputenc)                not set up for use with LaTeX.

See the inputenc package documentation for explanation.
Type  H <return>  for immediate help.
 ...                                              
                                                  
l.6 - total error = RSS + Œª
                            ||w||
You may provide a definition with
\DeclareUnicodeCharacter 


/home/richard/Documents/exam_notes/ocds/05_regularization.tex:7: Package inputenc Error: Unicode character Œª (U+03BB)
(inputenc)                not set up for use with LaTeX.

See the inputenc package documentation for explanation.
Type  H <return>  for immediate help.
 ...                                              
                                                  
l.7 - high Œª
              - low variance
You may provide a definition with
\DeclareUnicodeCharacter 

/home/richard/Documents/exam_notes/ocds/05_regularization.tex:21: Misplaced alignment tab character &.
l.21 Bias &
            Variance
I can't figure out why you would want to use a tab mark
here. If you just want an ampersand, the remedy is
simple: Just type `I\&' now. But if some right brace
up above has ended a previous alignment prematurely,
you're probably due for more error messages, and you
might try typing `S' now just to see what is salvageable.

[2]

/home/richard/Documents/exam_notes/ocds/05_regularization.tex:61: Package inputenc Error: Unicode character Œª (U+03BB)
(inputenc)                not set up for use with LaTeX.

See the inputenc package documentation for explanation.
Type  H <return>  for immediate help.
 ...                                              
                                                  
l.61 - l1 norm - Œª
                   ||w‚ÇÄ|| + Œª||w‚ÇÅ||
You may provide a definition with
\DeclareUnicodeCharacter 


/home/richard/Documents/exam_notes/ocds/05_regularization.tex:61: Package inputenc Error: Unicode character ‚ÇÄ (U+2080)
(inputenc)                not set up for use with LaTeX.

See the inputenc package documentation for explanation.
Type  H <return>  for immediate help.
 ...                                              
                                                  
l.61 - l1 norm - Œª||w‚ÇÄ
                         || + Œª||w‚ÇÅ||
You may provide a definition with
\DeclareUnicodeCharacter 


/home/richard/Documents/exam_notes/ocds/05_regularization.tex:61: Package inputenc Error: Unicode character Œª (U+03BB)
(inputenc)                not set up for use with LaTeX.

See the inputenc package documentation for explanation.
Type  H <return>  for immediate help.
 ...                                              
                                                  
l.61 - l1 norm - Œª||w‚ÇÄ|| + Œª
                                ||w‚ÇÅ||
You may provide a definition with
\DeclareUnicodeCharacter 


/home/richard/Documents/exam_notes/ocds/05_regularization.tex:61: Package inputenc Error: Unicode character ‚ÇÅ (U+2081)
(inputenc)                not set up for use with LaTeX.

See the inputenc package documentation for explanation.
Type  H <return>  for immediate help.
 ...                                              
                                                  
l.61 - l1 norm - Œª||w‚ÇÄ|| + Œª||w‚ÇÅ
                                      ||
You may provide a definition with
\DeclareUnicodeCharacter 


/home/richard/Documents/exam_notes/ocds/05_regularization.tex:62: Package inputenc Error: Unicode character Œª (U+03BB)
(inputenc)                not set up for use with LaTeX.

See the inputenc package documentation for explanation.
Type  H <return>  for immediate help.
 ...                                              
                                                  
l.62 - l2 norm - Œª
                   ||w‚ÇÄ^2|| + Œª||w‚ÇÅ^2|| -> ridge regression -> square m...
You may provide a definition with
\DeclareUnicodeCharacter 


/home/richard/Documents/exam_notes/ocds/05_regularization.tex:62: Package inputenc Error: Unicode character ‚ÇÄ (U+2080)
(inputenc)                not set up for use with LaTeX.

See the inputenc package documentation for explanation.
Type  H <return>  for immediate help.
 ...                                              
                                                  
l.62 - l2 norm - Œª||w‚ÇÄ
                         ^2|| + Œª||w‚ÇÅ^2|| -> ridge regression -> square m...
You may provide a definition with
\DeclareUnicodeCharacter 

/home/richard/Documents/exam_notes/ocds/05_regularization.tex:62: Missing $ inserted.
<inserted text> 
                $
l.62 - l2 norm - Œª||w‚ÇÄ^
                          2|| + Œª||w‚ÇÅ^2|| -> ridge regression -> square m...
I've inserted a begin-math/end-math symbol since I think
you left one out. Proceed, with fingers crossed.


/home/richard/Documents/exam_notes/ocds/05_regularization.tex:62: Package inputenc Error: Unicode character Œª (U+03BB)
(inputenc)                not set up for use with LaTeX.

See the inputenc package documentation for explanation.
Type  H <return>  for immediate help.
 ...                                              
                                                  
l.62 - l2 norm - Œª||w‚ÇÄ^2|| + Œª
                                  ||w‚ÇÅ^2|| -> ridge regression -> square m...
You may provide a definition with
\DeclareUnicodeCharacter 


/home/richard/Documents/exam_notes/ocds/05_regularization.tex:62: Package inputenc Error: Unicode character ‚ÇÅ (U+2081)
(inputenc)                not set up for use with LaTeX.

See the inputenc package documentation for explanation.
Type  H <return>  for immediate help.
 ...                                              
                                                  
l.62 - l2 norm - Œª||w‚ÇÄ^2|| + Œª||w‚ÇÅ
                                        ^2|| -> ridge regression -> square m...
You may provide a definition with
\DeclareUnicodeCharacter 

/home/richard/Documents/exam_notes/ocds/05_regularization.tex:63: Missing $ inserted.
<inserted text> 
                $
l.63 
     
I've inserted a begin-math/end-math symbol since I think
you left one out. Proceed, with fingers crossed.


/home/richard/Documents/exam_notes/ocds/05_regularization.tex:68: Package inputenc Error: Unicode character Œª (U+03BB)
(inputenc)                not set up for use with LaTeX.

See the inputenc package documentation for explanation.
Type  H <return>  for immediate help.
 ...                                              
                                                  
l.68 Œª
        is the tuning parameter that decides how much we want to penalise th...
You may provide a definition with
\DeclareUnicodeCharacter 


/home/richard/Documents/exam_notes/ocds/05_regularization.tex:83: Package inputenc Error: Unicode character Œª (U+03BB)
(inputenc)                not set up for use with LaTeX.

See the inputenc package documentation for explanation.
Type  H <return>  for immediate help.
 ...                                              
                                                  
l.83 - error = RSS + Œª
                       ‚ÇÅ||w||¬π + Œª‚ÇÇ||w||¬≤
You may provide a definition with
\DeclareUnicodeCharacter 


/home/richard/Documents/exam_notes/ocds/05_regularization.tex:83: Package inputenc Error: Unicode character ‚ÇÅ (U+2081)
(inputenc)                not set up for use with LaTeX.

See the inputenc package documentation for explanation.
Type  H <return>  for immediate help.
 ...                                              
                                                  
l.83 - error = RSS + Œª‚ÇÅ
                          ||w||¬π + Œª‚ÇÇ||w||¬≤
You may provide a definition with
\DeclareUnicodeCharacter 

LaTeX Font Info:    Trying to load font information for TS1+ntxtlf on input line 83.
(/usr/share/texmf-dist/tex/latex/newtx/ts1ntxtlf.fd
File: ts1ntxtlf.fd 2015/01/18 v1.0 fd file for TS1/ntxtlf
)
LaTeX Font Info:    Font shape `TS1/ntxtlf/m/n' will be
(Font)              scaled to size 12.0pt on input line 83.


/home/richard/Documents/exam_notes/ocds/05_regularization.tex:83: Package inputenc Error: Unicode character Œª (U+03BB)
(inputenc)                not set up for use with LaTeX.

See the inputenc package documentation for explanation.
Type  H <return>  for immediate help.
 ...                                              
                                                  
l.83 - error = RSS + Œª‚ÇÅ||w||¬π + Œª
                                      ‚ÇÇ||w||¬≤
You may provide a definition with
\DeclareUnicodeCharacter 


/home/richard/Documents/exam_notes/ocds/05_regularization.tex:83: Package inputenc Error: Unicode character ‚ÇÇ (U+2082)
(inputenc)                not set up for use with LaTeX.

See the inputenc package documentation for explanation.
Type  H <return>  for immediate help.
 ...                                              
                                                  
l.83 - error = RSS + Œª‚ÇÅ||w||¬π + Œª‚ÇÇ
                                         ||w||¬≤
You may provide a definition with
\DeclareUnicodeCharacter 


/home/richard/Documents/exam_notes/ocds/05_regularization.tex:84: Package inputenc Error: Unicode character Œª (U+03BB)
(inputenc)                not set up for use with LaTeX.

See the inputenc package documentation for explanation.
Type  H <return>  for immediate help.
 ...                                              
                                                  
l.84 - alpha = Œª
                 ‚ÇÅ + Œª‚ÇÇ
You may provide a definition with
\DeclareUnicodeCharacter 


/home/richard/Documents/exam_notes/ocds/05_regularization.tex:84: Package inputenc Error: Unicode character ‚ÇÅ (U+2081)
(inputenc)                not set up for use with LaTeX.

See the inputenc package documentation for explanation.
Type  H <return>  for immediate help.
 ...                                              
                                                  
l.84 - alpha = Œª‚ÇÅ
                     + Œª‚ÇÇ
You may provide a definition with
\DeclareUnicodeCharacter 


/home/richard/Documents/exam_notes/ocds/05_regularization.tex:84: Package inputenc Error: Unicode character Œª (U+03BB)
(inputenc)                not set up for use with LaTeX.

See the inputenc package documentation for explanation.
Type  H <return>  for immediate help.
 ...                                              
                                                  
l.84 - alpha = Œª‚ÇÅ + Œª
                         ‚ÇÇ
You may provide a definition with
\DeclareUnicodeCharacter 


/home/richard/Documents/exam_notes/ocds/05_regularization.tex:84: Package inputenc Error: Unicode character ‚ÇÇ (U+2082)
(inputenc)                not set up for use with LaTeX.

See the inputenc package documentation for explanation.
Type  H <return>  for immediate help.
 ...                                              
                                                  
l.84 - alpha = Œª‚ÇÅ + Œª‚ÇÇ
                            
You may provide a definition with
\DeclareUnicodeCharacter 

/home/richard/Documents/exam_notes/ocds/05_regularization.tex:85: Missing $ inserted.
<inserted text> 
                $
l.85 - l1_
          ratio = Œª‚ÇÅ / (Œª‚ÇÅ + Œª‚ÇÇ)
I've inserted a begin-math/end-math symbol since I think
you left one out. Proceed, with fingers crossed.


/home/richard/Documents/exam_notes/ocds/05_regularization.tex:85: Package inputenc Error: Unicode character Œª (U+03BB)
(inputenc)                not set up for use with LaTeX.

See the inputenc package documentation for explanation.
Type  H <return>  for immediate help.
 ...                                              
                                                  
l.85 - l1_ratio = Œª
                    ‚ÇÅ / (Œª‚ÇÅ + Œª‚ÇÇ)
You may provide a definition with
\DeclareUnicodeCharacter 


/home/richard/Documents/exam_notes/ocds/05_regularization.tex:85: Package inputenc Error: Unicode character ‚ÇÅ (U+2081)
(inputenc)                not set up for use with LaTeX.

See the inputenc package documentation for explanation.
Type  H <return>  for immediate help.
 ...                                              
                                                  
l.85 - l1_ratio = Œª‚ÇÅ
                        / (Œª‚ÇÅ + Œª‚ÇÇ)
You may provide a definition with
\DeclareUnicodeCharacter 


/home/richard/Documents/exam_notes/ocds/05_regularization.tex:85: Package inputenc Error: Unicode character Œª (U+03BB)
(inputenc)                not set up for use with LaTeX.

See the inputenc package documentation for explanation.
Type  H <return>  for immediate help.
 ...                                              
                                                  
l.85 - l1_ratio = Œª‚ÇÅ / (Œª
                             ‚ÇÅ + Œª‚ÇÇ)
You may provide a definition with
\DeclareUnicodeCharacter 


/home/richard/Documents/exam_notes/ocds/05_regularization.tex:85: Package inputenc Error: Unicode character ‚ÇÅ (U+2081)
(inputenc)                not set up for use with LaTeX.

See the inputenc package documentation for explanation.
Type  H <return>  for immediate help.
 ...                                              
                                                  
l.85 - l1_ratio = Œª‚ÇÅ / (Œª‚ÇÅ
                                 + Œª‚ÇÇ)
You may provide a definition with
\DeclareUnicodeCharacter 


/home/richard/Documents/exam_notes/ocds/05_regularization.tex:85: Package inputenc Error: Unicode character Œª (U+03BB)
(inputenc)                not set up for use with LaTeX.

See the inputenc package documentation for explanation.
Type  H <return>  for immediate help.
 ...                                              
                                                  
l.85 - l1_ratio = Œª‚ÇÅ / (Œª‚ÇÅ + Œª
                                     ‚ÇÇ)
You may provide a definition with
\DeclareUnicodeCharacter 


/home/richard/Documents/exam_notes/ocds/05_regularization.tex:85: Package inputenc Error: Unicode character ‚ÇÇ (U+2082)
(inputenc)                not set up for use with LaTeX.

See the inputenc package documentation for explanation.
Type  H <return>  for immediate help.
 ...                                              
                                                  
l.85 - l1_ratio = Œª‚ÇÅ / (Œª‚ÇÅ + Œª‚ÇÇ
                                        )
You may provide a definition with
\DeclareUnicodeCharacter 


/home/richard/Documents/exam_notes/ocds/05_regularization.tex:86: Package inputenc Error: Unicode character Œª (U+03BB)
(inputenc)                not set up for use with LaTeX.

See the inputenc package documentation for explanation.
Type  H <return>  for immediate help.
 ...                                              
                                                  
l.86 - if l1_ratio = 1, Œª
                          ‚ÇÇ = 0, lasso regression
You may provide a definition with
\DeclareUnicodeCharacter 


/home/richard/Documents/exam_notes/ocds/05_regularization.tex:86: Package inputenc Error: Unicode character ‚ÇÇ (U+2082)
(inputenc)                not set up for use with LaTeX.

See the inputenc package documentation for explanation.
Type  H <return>  for immediate help.
 ...                                              
                                                  
l.86 - if l1_ratio = 1, Œª‚ÇÇ
                              = 0, lasso regression
You may provide a definition with
\DeclareUnicodeCharacter 


/home/richard/Documents/exam_notes/ocds/05_regularization.tex:87: Package inputenc Error: Unicode character Œª (U+03BB)
(inputenc)                not set up for use with LaTeX.

See the inputenc package documentation for explanation.
Type  H <return>  for immediate help.
 ...                                              
                                                  
l.87 - if l1_ratio = 0, Œª
                          ‚ÇÅ = 0, ridge regression
You may provide a definition with
\DeclareUnicodeCharacter 


/home/richard/Documents/exam_notes/ocds/05_regularization.tex:87: Package inputenc Error: Unicode character ‚ÇÅ (U+2081)
(inputenc)                not set up for use with LaTeX.

See the inputenc package documentation for explanation.
Type  H <return>  for immediate help.
 ...                                              
                                                  
l.87 - if l1_ratio = 0, Œª‚ÇÅ
                              = 0, ridge regression
You may provide a definition with
\DeclareUnicodeCharacter 

) (/home/richard/Documents/exam_notes/ocds/06_cv.tex
/home/richard/Documents/exam_notes/ocds/06_cv.tex:3: Missing $ inserted.
<inserted text> 
                $
l.3 
    
I've inserted a begin-math/end-math symbol since I think
you left one out. Proceed, with fingers crossed.


Overfull \hbox (401.82944pt too wide) in paragraph at lines 80--3
\OT1/cmr/m/n/12 0\OML/cmm/m/it/12 ; lassoregression \OMS/cmsy/m/n/12 ^^@ \OML/cmm/m/it/12 ifl\OT1/cmr/m/n/12 1[]\OML/cmm/m/it/12 atio \OT1/cmr/m/n/12 = 0\OML/cmm/m/it/12 ; \OT1/cmr/m/n/12 = 0\OML/cmm/m/it/12 ; ridgeregression \OMS/cmsy/m/n/12 ^^@ \OML/cmm/m/it/12 otherwise; combinationofridgeandlassoregressionCrossValidation \OT1/cmr/m/n/12 ================$ 
 []


Overfull \hbox (0.57219pt too wide) in paragraph at lines 4--8
[]\T1/ntxtlf/m/n/12 Parameters which de-fine the model ar-chiter-c-ture are re-ferred as hy-per-paramters,
 []

) [3] (/home/richard/Documents/exam_notes/ocds/paper.aux) ) 
Here is how much of TeX's memory you used:
 1913 strings out of 492167
 26293 string characters out of 6131558
 84460 words of memory out of 5000000
 6282 multiletter control sequences out of 15000+600000
 10324 words of font info for 26 fonts, out of 8000000 for 9000
 1141 hyphenation exceptions out of 8191
 31i,5n,35p,867b,105s stack positions out of 5000i,500n,10000p,200000b,80000s
{/usr/share/texmf-dist/fonts/enc/dvips/tex-gyre/q-ts1.enc}{/usr/share/texmf-dist/fonts/enc/dvips/newtx/ntx-ec-tlf.enc}</usr/share/texmf-dist/fonts/type1/public/amsfonts/cm/cmmi12.pfb></usr/share/texmf-dist/fonts/type1/public/amsfonts/cm/cmmi8.pfb></usr/share/texmf-dist/fonts/type1/public/amsfonts/cm/cmr12.pfb></usr/share/texmf-dist/fonts/type1/public/amsfonts/cm/cmr8.pfb></usr/share/texmf-dist/fonts/type1/public/amsfonts/cm/cmsy10.pfb></usr/share/texmf-dist/fonts/type1/public/tex-gyre/qtmr.pfb>
Output written on /home/richard/Documents/exam_notes/ocds/paper.pdf (3 pages, 83257 bytes).
PDF statistics:
 42 PDF objects out of 1000 (max. 8388607)
 30 compressed objects within 1 object stream
 0 named destinations out of 1000 (max. 500000)
 1 words of extra memory for PDF output out of 10000 (max. 10000000)

